# JRE version: OpenJDK Runtime Environment (8.0_265-b01) (build 1.8.0_265-8u265-b01-0ubuntu2~16.04-b01)
# Java VM: OpenJDK 64-Bit Server VM (25.265-b01 mixed mode linux-amd64 compressed oops)
Heap:
 PSYoungGen      total 126464K, used 32K [0x00000000f5b00000, 0x00000000fdc00000, 0x0000000100000000)
  eden space 121344K, 0% used [0x00000000f5b00000,0x00000000f5b00000,0x00000000fd180000)
  from space 5120K, 0% used [0x00000000fd180000,0x00000000fd188000,0x00000000fd680000)
  to   space 5632K, 0% used [0x00000000fd680000,0x00000000fd680000,0x00000000fdc00000)
 ParOldGen       total 38400K, used 14433K [0x00000000e1000000, 0x00000000e3580000, 0x00000000f5b00000)
  object space 38400K, 37% used [0x00000000e1000000,0x00000000e1e184e0,0x00000000e3580000)
 Metaspace       used 3923K, capacity 4606K, committed 4864K, reserved 1056768K
  class space    used 421K, capacity 430K, committed 512K, reserved 1048576K
GC Heap History (10 events):
Event: 12.850 GC heap after
Heap after GC invocations=17 (full 1):
 PSYoungGen      total 103936K, used 32K [0x00000000f5b00000, 0x00000000fc700000, 0x0000000100000000)
  eden space 97280K, 0% used [0x00000000f5b00000,0x00000000f5b00000,0x00000000fba00000)
  from space 6656K, 0% used [0x00000000fc080000,0x00000000fc088000,0x00000000fc700000)
  to   space 6656K, 0% used [0x00000000fba00000,0x00000000fba00000,0x00000000fc080000)
 ParOldGen       total 38400K, used 14417K [0x00000000e1000000, 0x00000000e3580000, 0x00000000f5b00000)
  object space 38400K, 37% used [0x00000000e1000000,0x00000000e1e144e0,0x00000000e3580000)
 Metaspace       used 3923K, capacity 4606K, committed 4864K, reserved 1056768K
  class space    used 421K, capacity 430K, committed 512K, reserved 1048576K
}
Event: 13.556 GC heap before
{Heap before GC invocations=18 (full 1):
 PSYoungGen      total 103936K, used 97312K [0x00000000f5b00000, 0x00000000fc700000, 0x0000000100000000)
  eden space 97280K, 100% used [0x00000000f5b00000,0x00000000fba00000,0x00000000fba00000)
  from space 6656K, 0% used [0x00000000fc080000,0x00000000fc088000,0x00000000fc700000)
  to   space 6656K, 0% used [0x00000000fba00000,0x00000000fba00000,0x00000000fc080000)
 ParOldGen       total 38400K, used 14417K [0x00000000e1000000, 0x00000000e3580000, 0x00000000f5b00000)
  object space 38400K, 37% used [0x00000000e1000000,0x00000000e1e144e0,0x00000000e3580000)
 Metaspace       used 3923K, capacity 4606K, committed 4864K, reserved 1056768K
  class space    used 421K, capacity 430K, committed 512K, reserved 1048576K
Event: 13.578 GC heap after
Heap after GC invocations=18 (full 1):
 PSYoungGen      total 103936K, used 32K [0x00000000f5b00000, 0x00000000fd280000, 0x0000000100000000)
  eden space 97280K, 0% used [0x00000000f5b00000,0x00000000f5b00000,0x00000000fba00000)
  from space 6656K, 0% used [0x00000000fba00000,0x00000000fba08000,0x00000000fc080000)
  to   space 6144K, 0% used [0x00000000fcc80000,0x00000000fcc80000,0x00000000fd280000)
 ParOldGen       total 38400K, used 14417K [0x00000000e1000000, 0x00000000e3580000, 0x00000000f5b00000)
  object space 38400K, 37% used [0x00000000e1000000,0x00000000e1e144e0,0x00000000e3580000)
 Metaspace       used 3923K, capacity 4606K, committed 4864K, reserved 1056768K
  class space    used 421K, capacity 430K, committed 512K, reserved 1048576K
}
Event: 14.136 GC heap before
{Heap before GC invocations=19 (full 1):
 PSYoungGen      total 103936K, used 97312K [0x00000000f5b00000, 0x00000000fd280000, 0x0000000100000000)
  eden space 97280K, 100% used [0x00000000f5b00000,0x00000000fba00000,0x00000000fba00000)
  from space 6656K, 0% used [0x00000000fba00000,0x00000000fba08000,0x00000000fc080000)
  to   space 6144K, 0% used [0x00000000fcc80000,0x00000000fcc80000,0x00000000fd280000)
 ParOldGen       total 38400K, used 14417K [0x00000000e1000000, 0x00000000e3580000, 0x00000000f5b00000)
  object space 38400K, 37% used [0x00000000e1000000,0x00000000e1e144e0,0x00000000e3580000)
 Metaspace       used 3923K, capacity 4606K, committed 4864K, reserved 1056768K
  class space    used 421K, capacity 430K, committed 512K, reserved 1048576K
Event: 14.152 GC heap after
Heap after GC invocations=19 (full 1):
 PSYoungGen      total 114176K, used 32K [0x00000000f5b00000, 0x00000000fd100000, 0x0000000100000000)
  eden space 109568K, 0% used [0x00000000f5b00000,0x00000000f5b00000,0x00000000fc600000)
  from space 4608K, 0% used [0x00000000fcc80000,0x00000000fcc88000,0x00000000fd100000)
  to   space 5632K, 0% used [0x00000000fc600000,0x00000000fc600000,0x00000000fcb80000)
 ParOldGen       total 38400K, used 14417K [0x00000000e1000000, 0x00000000e3580000, 0x00000000f5b00000)
  object space 38400K, 37% used [0x00000000e1000000,0x00000000e1e144e0,0x00000000e3580000)
 Metaspace       used 3923K, capacity 4606K, committed 4864K, reserved 1056768K
  class space    used 421K, capacity 430K, committed 512K, reserved 1048576K
}
Event: 14.884 GC heap before
{Heap before GC invocations=20 (full 1):
 PSYoungGen      total 114176K, used 109600K [0x00000000f5b00000, 0x00000000fd100000, 0x0000000100000000)
  eden space 109568K, 100% used [0x00000000f5b00000,0x00000000fc600000,0x00000000fc600000)
  from space 4608K, 0% used [0x00000000fcc80000,0x00000000fcc88000,0x00000000fd100000)
  to   space 5632K, 0% used [0x00000000fc600000,0x00000000fc600000,0x00000000fcb80000)
 ParOldGen       total 38400K, used 14417K [0x00000000e1000000, 0x00000000e3580000, 0x00000000f5b00000)
  object space 38400K, 37% used [0x00000000e1000000,0x00000000e1e144e0,0x00000000e3580000)
 Metaspace       used 3923K, capacity 4606K, committed 4864K, reserved 1056768K
  class space    used 421K, capacity 430K, committed 512K, reserved 1048576K
Event: 14.884 GC heap after
Heap after GC invocations=20 (full 1):
 PSYoungGen      total 115200K, used 64K [0x00000000f5b00000, 0x00000000fdc00000, 0x0000000100000000)
  eden space 109568K, 0% used [0x00000000f5b00000,0x00000000f5b00000,0x00000000fc600000)
  from space 5632K, 1% used [0x00000000fc600000,0x00000000fc610000,0x00000000fcb80000)
  to   space 5632K, 0% used [0x00000000fd680000,0x00000000fd680000,0x00000000fdc00000)
 ParOldGen       total 38400K, used 14425K [0x00000000e1000000, 0x00000000e3580000, 0x00000000f5b00000)
  object space 38400K, 37% used [0x00000000e1000000,0x00000000e1e164e0,0x00000000e3580000)
 Metaspace       used 3923K, capacity 4606K, committed 4864K, reserved 1056768K
  class space    used 421K, capacity 430K, committed 512K, reserved 1048576K
}
Event: 15.462 GC heap before
{Heap before GC invocations=21 (full 1):
 PSYoungGen      total 115200K, used 109632K [0x00000000f5b00000, 0x00000000fdc00000, 0x0000000100000000)
  eden space 109568K, 100% used [0x00000000f5b00000,0x00000000fc600000,0x00000000fc600000)
  from space 5632K, 1% used [0x00000000fc600000,0x00000000fc610000,0x00000000fcb80000)
  to   space 5632K, 0% used [0x00000000fd680000,0x00000000fd680000,0x00000000fdc00000)
 ParOldGen       total 38400K, used 14425K [0x00000000e1000000, 0x00000000e3580000, 0x00000000f5b00000)
  object space 38400K, 37% used [0x00000000e1000000,0x00000000e1e164e0,0x00000000e3580000)
 Metaspace       used 3923K, capacity 4606K, committed 4864K, reserved 1056768K
  class space    used 421K, capacity 430K, committed 512K, reserved 1048576K
Event: 15.488 GC heap after
Heap after GC invocations=21 (full 1):
 PSYoungGen      total 126976K, used 32K [0x00000000f5b00000, 0x00000000fdc00000, 0x0000000100000000)
  eden space 121344K, 0% used [0x00000000f5b00000,0x00000000f5b00000,0x00000000fd180000)
  from space 5632K, 0% used [0x00000000fd680000,0x00000000fd688000,0x00000000fdc00000)
  to   space 5120K, 0% used [0x00000000fd180000,0x00000000fd180000,0x00000000fd680000)
 ParOldGen       total 38400K, used 14433K [0x00000000e1000000, 0x00000000e3580000, 0x00000000f5b00000)
  object space 38400K, 37% used [0x00000000e1000000,0x00000000e1e184e0,0x00000000e3580000)
 Metaspace       used 3923K, capacity 4606K, committed 4864K, reserved 1056768K
  class space    used 421K, capacity 430K, committed 512K, reserved 1048576K
}
Event: 16.516 GC heap before
{Heap before GC invocations=22 (full 1):
 PSYoungGen      total 126976K, used 121376K [0x00000000f5b00000, 0x00000000fdc00000, 0x0000000100000000)
  eden space 121344K, 100% used [0x00000000f5b00000,0x00000000fd180000,0x00000000fd180000)
  from space 5632K, 0% used [0x00000000fd680000,0x00000000fd688000,0x00000000fdc00000)
  to   space 5120K, 0% used [0x00000000fd180000,0x00000000fd180000,0x00000000fd680000)
 ParOldGen       total 38400K, used 14433K [0x00000000e1000000, 0x00000000e3580000, 0x00000000f5b00000)
  object space 38400K, 37% used [0x00000000e1000000,0x00000000e1e184e0,0x00000000e3580000)
 Metaspace       used 3923K, capacity 4606K, committed 4864K, reserved 1056768K
  class space    used 421K, capacity 430K, committed 512K, reserved 1048576K

