# JRE version: OpenJDK Runtime Environment (8.0_265-b01) (build 1.8.0_265-8u265-b01-0ubuntu2~16.04-b01)
# Java VM: OpenJDK 64-Bit Server VM (25.265-b01 mixed mode linux-amd64 compressed oops)
Heap:
 PSYoungGen      total 167936K, used 127114K [0x00000000f5b00000, 0x0000000100000000, 0x0000000100000000)
  eden space 166912K, 76% used [0x00000000f5b00000,0x00000000fd712908,0x00000000ffe00000)
  from space 1024K, 6% used [0x00000000ffe00000,0x00000000ffe10000,0x00000000fff00000)
  to   space 1024K, 0% used [0x00000000fff00000,0x00000000fff00000,0x0000000100000000)
 ParOldGen       total 37888K, used 14545K [0x00000000e1000000, 0x00000000e3500000, 0x00000000f5b00000)
  object space 37888K, 38% used [0x00000000e1000000,0x00000000e1e34778,0x00000000e3500000)
 Metaspace       used 4297K, capacity 4736K, committed 4864K, reserved 1056768K
  class space    used 438K, capacity 496K, committed 512K, reserved 1048576K
GC Heap History (10 events):
Event: 50.360 GC heap before
{Heap before GC invocations=44 (full 1):
 PSYoungGen      total 166912K, used 165952K [0x00000000f5b00000, 0x0000000100000000, 0x0000000100000000)
  eden space 165888K, 100% used [0x00000000f5b00000,0x00000000ffd00000,0x00000000ffd00000)
  from space 1024K, 6% used [0x00000000ffe00000,0x00000000ffe10000,0x00000000fff00000)
  to   space 1024K, 0% used [0x00000000ffd00000,0x00000000ffd00000,0x00000000ffe00000)
 ParOldGen       total 37888K, used 14545K [0x00000000e1000000, 0x00000000e3500000, 0x00000000f5b00000)
  object space 37888K, 38% used [0x00000000e1000000,0x00000000e1e34778,0x00000000e3500000)
 Metaspace       used 4129K, capacity 4638K, committed 4864K, reserved 1056768K
  class space    used 429K, capacity 462K, committed 512K, reserved 1048576K
Event: 50.376 GC heap after
Heap after GC invocations=44 (full 1):
 PSYoungGen      total 166912K, used 64K [0x00000000f5b00000, 0x0000000100000000, 0x0000000100000000)
  eden space 165888K, 0% used [0x00000000f5b00000,0x00000000f5b00000,0x00000000ffd00000)
  from space 1024K, 6% used [0x00000000ffd00000,0x00000000ffd10000,0x00000000ffe00000)
  to   space 1024K, 0% used [0x00000000fff00000,0x00000000fff00000,0x0000000100000000)
 ParOldGen       total 37888K, used 14545K [0x00000000e1000000, 0x00000000e3500000, 0x00000000f5b00000)
  object space 37888K, 38% used [0x00000000e1000000,0x00000000e1e34778,0x00000000e3500000)
 Metaspace       used 4129K, capacity 4638K, committed 4864K, reserved 1056768K
  class space    used 429K, capacity 462K, committed 512K, reserved 1048576K
}
Event: 52.090 GC heap before
{Heap before GC invocations=45 (full 1):
 PSYoungGen      total 166912K, used 165952K [0x00000000f5b00000, 0x0000000100000000, 0x0000000100000000)
  eden space 165888K, 100% used [0x00000000f5b00000,0x00000000ffd00000,0x00000000ffd00000)
  from space 1024K, 6% used [0x00000000ffd00000,0x00000000ffd10000,0x00000000ffe00000)
  to   space 1024K, 0% used [0x00000000fff00000,0x00000000fff00000,0x0000000100000000)
 ParOldGen       total 37888K, used 14545K [0x00000000e1000000, 0x00000000e3500000, 0x00000000f5b00000)
  object space 37888K, 38% used [0x00000000e1000000,0x00000000e1e34778,0x00000000e3500000)
 Metaspace       used 4129K, capacity 4638K, committed 4864K, reserved 1056768K
  class space    used 429K, capacity 462K, committed 512K, reserved 1048576K
Event: 52.100 GC heap after
Heap after GC invocations=45 (full 1):
 PSYoungGen      total 167936K, used 64K [0x00000000f5b00000, 0x0000000100000000, 0x0000000100000000)
  eden space 166912K, 0% used [0x00000000f5b00000,0x00000000f5b00000,0x00000000ffe00000)
  from space 1024K, 6% used [0x00000000fff00000,0x00000000fff10000,0x0000000100000000)
  to   space 1024K, 0% used [0x00000000ffe00000,0x00000000ffe00000,0x00000000fff00000)
 ParOldGen       total 37888K, used 14545K [0x00000000e1000000, 0x00000000e3500000, 0x00000000f5b00000)
  object space 37888K, 38% used [0x00000000e1000000,0x00000000e1e34778,0x00000000e3500000)
 Metaspace       used 4129K, capacity 4638K, committed 4864K, reserved 1056768K
  class space    used 429K, capacity 462K, committed 512K, reserved 1048576K
}
Event: 53.809 GC heap before
{Heap before GC invocations=46 (full 1):
 PSYoungGen      total 167936K, used 166976K [0x00000000f5b00000, 0x0000000100000000, 0x0000000100000000)
  eden space 166912K, 100% used [0x00000000f5b00000,0x00000000ffe00000,0x00000000ffe00000)
  from space 1024K, 6% used [0x00000000fff00000,0x00000000fff10000,0x0000000100000000)
  to   space 1024K, 0% used [0x00000000ffe00000,0x00000000ffe00000,0x00000000fff00000)
 ParOldGen       total 37888K, used 14545K [0x00000000e1000000, 0x00000000e3500000, 0x00000000f5b00000)
  object space 37888K, 38% used [0x00000000e1000000,0x00000000e1e34778,0x00000000e3500000)
 Metaspace       used 4129K, capacity 4638K, committed 4864K, reserved 1056768K
  class space    used 429K, capacity 462K, committed 512K, reserved 1048576K
Event: 53.821 GC heap after
Heap after GC invocations=46 (full 1):
 PSYoungGen      total 167936K, used 64K [0x00000000f5b00000, 0x0000000100000000, 0x0000000100000000)
  eden space 166912K, 0% used [0x00000000f5b00000,0x00000000f5b00000,0x00000000ffe00000)
  from space 1024K, 6% used [0x00000000ffe00000,0x00000000ffe10000,0x00000000fff00000)
  to   space 1024K, 0% used [0x00000000fff00000,0x00000000fff00000,0x0000000100000000)
 ParOldGen       total 37888K, used 14545K [0x00000000e1000000, 0x00000000e3500000, 0x00000000f5b00000)
  object space 37888K, 38% used [0x00000000e1000000,0x00000000e1e34778,0x00000000e3500000)
 Metaspace       used 4129K, capacity 4638K, committed 4864K, reserved 1056768K
  class space    used 429K, capacity 462K, committed 512K, reserved 1048576K
}
Event: 55.521 GC heap before
{Heap before GC invocations=47 (full 1):
 PSYoungGen      total 167936K, used 166976K [0x00000000f5b00000, 0x0000000100000000, 0x0000000100000000)
  eden space 166912K, 100% used [0x00000000f5b00000,0x00000000ffe00000,0x00000000ffe00000)
  from space 1024K, 6% used [0x00000000ffe00000,0x00000000ffe10000,0x00000000fff00000)
  to   space 1024K, 0% used [0x00000000fff00000,0x00000000fff00000,0x0000000100000000)
 ParOldGen       total 37888K, used 14545K [0x00000000e1000000, 0x00000000e3500000, 0x00000000f5b00000)
  object space 37888K, 38% used [0x00000000e1000000,0x00000000e1e34778,0x00000000e3500000)
 Metaspace       used 4129K, capacity 4638K, committed 4864K, reserved 1056768K
  class space    used 429K, capacity 462K, committed 512K, reserved 1048576K
Event: 55.547 GC heap after
Heap after GC invocations=47 (full 1):
 PSYoungGen      total 167936K, used 64K [0x00000000f5b00000, 0x0000000100000000, 0x0000000100000000)
  eden space 166912K, 0% used [0x00000000f5b00000,0x00000000f5b00000,0x00000000ffe00000)
  from space 1024K, 6% used [0x00000000fff00000,0x00000000fff10000,0x0000000100000000)
  to   space 1024K, 0% used [0x00000000ffe00000,0x00000000ffe00000,0x00000000fff00000)
 ParOldGen       total 37888K, used 14545K [0x00000000e1000000, 0x00000000e3500000, 0x00000000f5b00000)
  object space 37888K, 38% used [0x00000000e1000000,0x00000000e1e34778,0x00000000e3500000)
 Metaspace       used 4129K, capacity 4638K, committed 4864K, reserved 1056768K
  class space    used 429K, capacity 462K, committed 512K, reserved 1048576K
}
Event: 57.244 GC heap before
{Heap before GC invocations=48 (full 1):
 PSYoungGen      total 167936K, used 166976K [0x00000000f5b00000, 0x0000000100000000, 0x0000000100000000)
  eden space 166912K, 100% used [0x00000000f5b00000,0x00000000ffe00000,0x00000000ffe00000)
  from space 1024K, 6% used [0x00000000fff00000,0x00000000fff10000,0x0000000100000000)
  to   space 1024K, 0% used [0x00000000ffe00000,0x00000000ffe00000,0x00000000fff00000)
 ParOldGen       total 37888K, used 14545K [0x00000000e1000000, 0x00000000e3500000, 0x00000000f5b00000)
  object space 37888K, 38% used [0x00000000e1000000,0x00000000e1e34778,0x00000000e3500000)
 Metaspace       used 4129K, capacity 4638K, committed 4864K, reserved 1056768K
  class space    used 429K, capacity 462K, committed 512K, reserved 1048576K
Event: 57.250 GC heap after
Heap after GC invocations=48 (full 1):
 PSYoungGen      total 167936K, used 64K [0x00000000f5b00000, 0x0000000100000000, 0x0000000100000000)
  eden space 166912K, 0% used [0x00000000f5b00000,0x00000000f5b00000,0x00000000ffe00000)
  from space 1024K, 6% used [0x00000000ffe00000,0x00000000ffe10000,0x00000000fff00000)
  to   space 1024K, 0% used [0x00000000fff00000,0x00000000fff00000,0x0000000100000000)
 ParOldGen       total 37888K, used 14545K [0x00000000e1000000, 0x00000000e3500000, 0x00000000f5b00000)
  object space 37888K, 38% used [0x00000000e1000000,0x00000000e1e34778,0x00000000e3500000)
 Metaspace       used 4129K, capacity 4638K, committed 4864K, reserved 1056768K
  class space    used 429K, capacity 462K, committed 512K, reserved 1048576K
}

