# JRE version: OpenJDK Runtime Environment (8.0_265-b01) (build 1.8.0_265-8u265-b01-0ubuntu2~16.04-b01)
# Java VM: OpenJDK 64-Bit Server VM (25.265-b01 mixed mode linux-amd64 compressed oops)
Heap:
 PSYoungGen      total 159744K, used 64K [0x00000000f5b00000, 0x00000000ffe80000, 0x0000000100000000)
  eden space 152064K, 0% used [0x00000000f5b00000,0x00000000f5b00000,0x00000000fef80000)
  from space 7680K, 0% used [0x00000000fef80000,0x00000000fef90000,0x00000000ff700000)
  to   space 7680K, 0% used [0x00000000ff700000,0x00000000ff700000,0x00000000ffe80000)
 ParOldGen       total 22016K, used 14872K [0x00000000e1000000, 0x00000000e2580000, 0x00000000f5b00000)
  object space 22016K, 67% used [0x00000000e1000000,0x00000000e1e86080,0x00000000e2580000)
 Metaspace       used 3923K, capacity 4606K, committed 4864K, reserved 1056768K
  class space    used 421K, capacity 430K, committed 512K, reserved 1048576K
GC Heap History (10 events):
Event: 9.041 GC heap after
Heap after GC invocations=10 (full 0):
 PSYoungGen      total 158208K, used 32K [0x00000000f5b00000, 0x00000000fff00000, 0x0000000100000000)
  eden space 149504K, 0% used [0x00000000f5b00000,0x00000000f5b00000,0x00000000fed00000)
  from space 8704K, 0% used [0x00000000ff680000,0x00000000ff688000,0x00000000fff00000)
  to   space 9216K, 0% used [0x00000000fed00000,0x00000000fed00000,0x00000000ff600000)
 ParOldGen       total 22016K, used 14864K [0x00000000e1000000, 0x00000000e2580000, 0x00000000f5b00000)
  object space 22016K, 67% used [0x00000000e1000000,0x00000000e1e84080,0x00000000e2580000)
 Metaspace       used 3923K, capacity 4606K, committed 4864K, reserved 1056768K
  class space    used 421K, capacity 430K, committed 512K, reserved 1048576K
}
Event: 9.697 GC heap before
{Heap before GC invocations=11 (full 0):
 PSYoungGen      total 158208K, used 149536K [0x00000000f5b00000, 0x00000000fff00000, 0x0000000100000000)
  eden space 149504K, 100% used [0x00000000f5b00000,0x00000000fed00000,0x00000000fed00000)
  from space 8704K, 0% used [0x00000000ff680000,0x00000000ff688000,0x00000000fff00000)
  to   space 9216K, 0% used [0x00000000fed00000,0x00000000fed00000,0x00000000ff600000)
 ParOldGen       total 22016K, used 14864K [0x00000000e1000000, 0x00000000e2580000, 0x00000000f5b00000)
  object space 22016K, 67% used [0x00000000e1000000,0x00000000e1e84080,0x00000000e2580000)
 Metaspace       used 3923K, capacity 4606K, committed 4864K, reserved 1056768K
  class space    used 421K, capacity 430K, committed 512K, reserved 1048576K
Event: 9.724 GC heap after
Heap after GC invocations=11 (full 0):
 PSYoungGen      total 158720K, used 64K [0x00000000f5b00000, 0x00000000fff80000, 0x0000000100000000)
  eden space 149504K, 0% used [0x00000000f5b00000,0x00000000f5b00000,0x00000000fed00000)
  from space 9216K, 0% used [0x00000000fed00000,0x00000000fed10000,0x00000000ff600000)
  to   space 8704K, 0% used [0x00000000ff700000,0x00000000ff700000,0x00000000fff80000)
 ParOldGen       total 22016K, used 14872K [0x00000000e1000000, 0x00000000e2580000, 0x00000000f5b00000)
  object space 22016K, 67% used [0x00000000e1000000,0x00000000e1e86080,0x00000000e2580000)
 Metaspace       used 3923K, capacity 4606K, committed 4864K, reserved 1056768K
  class space    used 421K, capacity 430K, committed 512K, reserved 1048576K
}
Event: 10.288 GC heap before
{Heap before GC invocations=12 (full 0):
 PSYoungGen      total 158720K, used 149568K [0x00000000f5b00000, 0x00000000fff80000, 0x0000000100000000)
  eden space 149504K, 100% used [0x00000000f5b00000,0x00000000fed00000,0x00000000fed00000)
  from space 9216K, 0% used [0x00000000fed00000,0x00000000fed10000,0x00000000ff600000)
  to   space 8704K, 0% used [0x00000000ff700000,0x00000000ff700000,0x00000000fff80000)
 ParOldGen       total 22016K, used 14872K [0x00000000e1000000, 0x00000000e2580000, 0x00000000f5b00000)
  object space 22016K, 67% used [0x00000000e1000000,0x00000000e1e86080,0x00000000e2580000)
 Metaspace       used 3923K, capacity 4606K, committed 4864K, reserved 1056768K
  class space    used 421K, capacity 430K, committed 512K, reserved 1048576K
Event: 10.310 GC heap after
Heap after GC invocations=12 (full 0):
 PSYoungGen      total 159744K, used 64K [0x00000000f5b00000, 0x00000000fff80000, 0x0000000100000000)
  eden space 151040K, 0% used [0x00000000f5b00000,0x00000000f5b00000,0x00000000fee80000)
  from space 8704K, 0% used [0x00000000ff700000,0x00000000ff710000,0x00000000fff80000)
  to   space 8704K, 0% used [0x00000000fee80000,0x00000000fee80000,0x00000000ff700000)
 ParOldGen       total 22016K, used 14872K [0x00000000e1000000, 0x00000000e2580000, 0x00000000f5b00000)
  object space 22016K, 67% used [0x00000000e1000000,0x00000000e1e86080,0x00000000e2580000)
 Metaspace       used 3923K, capacity 4606K, committed 4864K, reserved 1056768K
  class space    used 421K, capacity 430K, committed 512K, reserved 1048576K
}
Event: 10.845 GC heap before
{Heap before GC invocations=13 (full 0):
 PSYoungGen      total 159744K, used 151104K [0x00000000f5b00000, 0x00000000fff80000, 0x0000000100000000)
  eden space 151040K, 100% used [0x00000000f5b00000,0x00000000fee80000,0x00000000fee80000)
  from space 8704K, 0% used [0x00000000ff700000,0x00000000ff710000,0x00000000fff80000)
  to   space 8704K, 0% used [0x00000000fee80000,0x00000000fee80000,0x00000000ff700000)
 ParOldGen       total 22016K, used 14872K [0x00000000e1000000, 0x00000000e2580000, 0x00000000f5b00000)
  object space 22016K, 67% used [0x00000000e1000000,0x00000000e1e86080,0x00000000e2580000)
 Metaspace       used 3923K, capacity 4606K, committed 4864K, reserved 1056768K
  class space    used 421K, capacity 430K, committed 512K, reserved 1048576K
Event: 10.865 GC heap after
Heap after GC invocations=13 (full 0):
 PSYoungGen      total 159744K, used 32K [0x00000000f5b00000, 0x00000000fff00000, 0x0000000100000000)
  eden space 151040K, 0% used [0x00000000f5b00000,0x00000000f5b00000,0x00000000fee80000)
  from space 8704K, 0% used [0x00000000fee80000,0x00000000fee88000,0x00000000ff700000)
  to   space 8192K, 0% used [0x00000000ff700000,0x00000000ff700000,0x00000000fff00000)
 ParOldGen       total 22016K, used 14872K [0x00000000e1000000, 0x00000000e2580000, 0x00000000f5b00000)
  object space 22016K, 67% used [0x00000000e1000000,0x00000000e1e86080,0x00000000e2580000)
 Metaspace       used 3923K, capacity 4606K, committed 4864K, reserved 1056768K
  class space    used 421K, capacity 430K, committed 512K, reserved 1048576K
}
Event: 11.397 GC heap before
{Heap before GC invocations=14 (full 0):
 PSYoungGen      total 159744K, used 151072K [0x00000000f5b00000, 0x00000000fff00000, 0x0000000100000000)
  eden space 151040K, 100% used [0x00000000f5b00000,0x00000000fee80000,0x00000000fee80000)
  from space 8704K, 0% used [0x00000000fee80000,0x00000000fee88000,0x00000000ff700000)
  to   space 8192K, 0% used [0x00000000ff700000,0x00000000ff700000,0x00000000fff00000)
 ParOldGen       total 22016K, used 14872K [0x00000000e1000000, 0x00000000e2580000, 0x00000000f5b00000)
  object space 22016K, 67% used [0x00000000e1000000,0x00000000e1e86080,0x00000000e2580000)
 Metaspace       used 3923K, capacity 4606K, committed 4864K, reserved 1056768K
  class space    used 421K, capacity 430K, committed 512K, reserved 1048576K
Event: 11.403 GC heap after
Heap after GC invocations=14 (full 0):
 PSYoungGen      total 159744K, used 64K [0x00000000f5b00000, 0x00000000ffe80000, 0x0000000100000000)
  eden space 152064K, 0% used [0x00000000f5b00000,0x00000000f5b00000,0x00000000fef80000)
  from space 7680K, 0% used [0x00000000ff700000,0x00000000ff710000,0x00000000ffe80000)
  to   space 7680K, 0% used [0x00000000fef80000,0x00000000fef80000,0x00000000ff700000)
 ParOldGen       total 22016K, used 14872K [0x00000000e1000000, 0x00000000e2580000, 0x00000000f5b00000)
  object space 22016K, 67% used [0x00000000e1000000,0x00000000e1e86080,0x00000000e2580000)
 Metaspace       used 3923K, capacity 4606K, committed 4864K, reserved 1056768K
  class space    used 421K, capacity 430K, committed 512K, reserved 1048576K
}
Event: 12.041 GC heap before
{Heap before GC invocations=15 (full 0):
 PSYoungGen      total 159744K, used 152128K [0x00000000f5b00000, 0x00000000ffe80000, 0x0000000100000000)
  eden space 152064K, 100% used [0x00000000f5b00000,0x00000000fef80000,0x00000000fef80000)
  from space 7680K, 0% used [0x00000000ff700000,0x00000000ff710000,0x00000000ffe80000)
  to   space 7680K, 0% used [0x00000000fef80000,0x00000000fef80000,0x00000000ff700000)
 ParOldGen       total 22016K, used 14872K [0x00000000e1000000, 0x00000000e2580000, 0x00000000f5b00000)
  object space 22016K, 67% used [0x00000000e1000000,0x00000000e1e86080,0x00000000e2580000)
 Metaspace       used 3923K, capacity 4606K, committed 4864K, reserved 1056768K
  class space    used 421K, capacity 430K, committed 512K, reserved 1048576K

