# JRE version: OpenJDK Runtime Environment (8.0_265-b01) (build 1.8.0_265-8u265-b01-0ubuntu2~16.04-b01)
# Java VM: OpenJDK 64-Bit Server VM (25.265-b01 mixed mode linux-amd64 compressed oops)
Heap:
 PSYoungGen      total 165888K, used 116398K [0x00000000f5b00000, 0x0000000100000000, 0x0000000100000000)
  eden space 164864K, 69% used [0x00000000f5b00000,0x00000000fcbab9f8,0x00000000ffc00000)
  from space 1024K, 100% used [0x00000000fff00000,0x0000000100000000,0x0000000100000000)
  to   space 2048K, 0% used [0x00000000ffc00000,0x00000000ffc00000,0x00000000ffe00000)
 ParOldGen       total 37376K, used 16193K [0x00000000e1000000, 0x00000000e3480000, 0x00000000f5b00000)
  object space 37376K, 43% used [0x00000000e1000000,0x00000000e1fd06a8,0x00000000e3480000)
 Metaspace       used 4299K, capacity 4736K, committed 4864K, reserved 1056768K
  class space    used 438K, capacity 496K, committed 512K, reserved 1048576K
GC Heap History (10 events):
Event: 47.240 GC heap before
{Heap before GC invocations=43 (full 1):
 PSYoungGen      total 166400K, used 165952K [0x00000000f5b00000, 0x00000000fff00000, 0x0000000100000000)
  eden space 165888K, 100% used [0x00000000f5b00000,0x00000000ffd00000,0x00000000ffd00000)
  from space 512K, 12% used [0x00000000ffd00000,0x00000000ffd10000,0x00000000ffd80000)
  to   space 1024K, 0% used [0x00000000ffe00000,0x00000000ffe00000,0x00000000fff00000)
 ParOldGen       total 37376K, used 14545K [0x00000000e1000000, 0x00000000e3480000, 0x00000000f5b00000)
  object space 37376K, 38% used [0x00000000e1000000,0x00000000e1e34698,0x00000000e3480000)
 Metaspace       used 4130K, capacity 4638K, committed 4864K, reserved 1056768K
  class space    used 429K, capacity 462K, committed 512K, reserved 1048576K
Event: 47.248 GC heap after
Heap after GC invocations=43 (full 1):
 PSYoungGen      total 166912K, used 64K [0x00000000f5b00000, 0x0000000100000000, 0x0000000100000000)
  eden space 165888K, 0% used [0x00000000f5b00000,0x00000000f5b00000,0x00000000ffd00000)
  from space 1024K, 6% used [0x00000000ffe00000,0x00000000ffe10000,0x00000000fff00000)
  to   space 1024K, 0% used [0x00000000ffd00000,0x00000000ffd00000,0x00000000ffe00000)
 ParOldGen       total 37376K, used 14545K [0x00000000e1000000, 0x00000000e3480000, 0x00000000f5b00000)
  object space 37376K, 38% used [0x00000000e1000000,0x00000000e1e34698,0x00000000e3480000)
 Metaspace       used 4130K, capacity 4638K, committed 4864K, reserved 1056768K
  class space    used 429K, capacity 462K, committed 512K, reserved 1048576K
}
Event: 48.922 GC heap before
{Heap before GC invocations=44 (full 1):
 PSYoungGen      total 166912K, used 165952K [0x00000000f5b00000, 0x0000000100000000, 0x0000000100000000)
  eden space 165888K, 100% used [0x00000000f5b00000,0x00000000ffd00000,0x00000000ffd00000)
  from space 1024K, 6% used [0x00000000ffe00000,0x00000000ffe10000,0x00000000fff00000)
  to   space 1024K, 0% used [0x00000000ffd00000,0x00000000ffd00000,0x00000000ffe00000)
 ParOldGen       total 37376K, used 14545K [0x00000000e1000000, 0x00000000e3480000, 0x00000000f5b00000)
  object space 37376K, 38% used [0x00000000e1000000,0x00000000e1e34698,0x00000000e3480000)
 Metaspace       used 4130K, capacity 4638K, committed 4864K, reserved 1056768K
  class space    used 429K, capacity 462K, committed 512K, reserved 1048576K
Event: 48.931 GC heap after
Heap after GC invocations=44 (full 1):
 PSYoungGen      total 166912K, used 64K [0x00000000f5b00000, 0x0000000100000000, 0x0000000100000000)
  eden space 165888K, 0% used [0x00000000f5b00000,0x00000000f5b00000,0x00000000ffd00000)
  from space 1024K, 6% used [0x00000000ffd00000,0x00000000ffd10000,0x00000000ffe00000)
  to   space 1024K, 0% used [0x00000000fff00000,0x00000000fff00000,0x0000000100000000)
 ParOldGen       total 37376K, used 14545K [0x00000000e1000000, 0x00000000e3480000, 0x00000000f5b00000)
  object space 37376K, 38% used [0x00000000e1000000,0x00000000e1e34698,0x00000000e3480000)
 Metaspace       used 4130K, capacity 4638K, committed 4864K, reserved 1056768K
  class space    used 429K, capacity 462K, committed 512K, reserved 1048576K
}
Event: 50.595 GC heap before
{Heap before GC invocations=45 (full 1):
 PSYoungGen      total 166912K, used 165952K [0x00000000f5b00000, 0x0000000100000000, 0x0000000100000000)
  eden space 165888K, 100% used [0x00000000f5b00000,0x00000000ffd00000,0x00000000ffd00000)
  from space 1024K, 6% used [0x00000000ffd00000,0x00000000ffd10000,0x00000000ffe00000)
  to   space 1024K, 0% used [0x00000000fff00000,0x00000000fff00000,0x0000000100000000)
 ParOldGen       total 37376K, used 14545K [0x00000000e1000000, 0x00000000e3480000, 0x00000000f5b00000)
  object space 37376K, 38% used [0x00000000e1000000,0x00000000e1e34698,0x00000000e3480000)
 Metaspace       used 4130K, capacity 4638K, committed 4864K, reserved 1056768K
  class space    used 429K, capacity 462K, committed 512K, reserved 1048576K
Event: 50.653 GC heap after
Heap after GC invocations=45 (full 1):
 PSYoungGen      total 167936K, used 32K [0x00000000f5b00000, 0x0000000100000000, 0x0000000100000000)
  eden space 166912K, 0% used [0x00000000f5b00000,0x00000000f5b00000,0x00000000ffe00000)
  from space 1024K, 3% used [0x00000000fff00000,0x00000000fff08000,0x0000000100000000)
  to   space 1024K, 0% used [0x00000000ffe00000,0x00000000ffe00000,0x00000000fff00000)
 ParOldGen       total 37376K, used 14545K [0x00000000e1000000, 0x00000000e3480000, 0x00000000f5b00000)
  object space 37376K, 38% used [0x00000000e1000000,0x00000000e1e34698,0x00000000e3480000)
 Metaspace       used 4130K, capacity 4638K, committed 4864K, reserved 1056768K
  class space    used 429K, capacity 462K, committed 512K, reserved 1048576K
}
Event: 52.275 GC heap before
{Heap before GC invocations=46 (full 1):
 PSYoungGen      total 167936K, used 166944K [0x00000000f5b00000, 0x0000000100000000, 0x0000000100000000)
  eden space 166912K, 100% used [0x00000000f5b00000,0x00000000ffe00000,0x00000000ffe00000)
  from space 1024K, 3% used [0x00000000fff00000,0x00000000fff08000,0x0000000100000000)
  to   space 1024K, 0% used [0x00000000ffe00000,0x00000000ffe00000,0x00000000fff00000)
 ParOldGen       total 37376K, used 14545K [0x00000000e1000000, 0x00000000e3480000, 0x00000000f5b00000)
  object space 37376K, 38% used [0x00000000e1000000,0x00000000e1e34698,0x00000000e3480000)
 Metaspace       used 4130K, capacity 4638K, committed 4864K, reserved 1056768K
  class space    used 429K, capacity 462K, committed 512K, reserved 1048576K
Event: 52.284 GC heap after
Heap after GC invocations=46 (full 1):
 PSYoungGen      total 167936K, used 64K [0x00000000f5b00000, 0x0000000100000000, 0x0000000100000000)
  eden space 166912K, 0% used [0x00000000f5b00000,0x00000000f5b00000,0x00000000ffe00000)
  from space 1024K, 6% used [0x00000000ffe00000,0x00000000ffe10000,0x00000000fff00000)
  to   space 1024K, 0% used [0x00000000fff00000,0x00000000fff00000,0x0000000100000000)
 ParOldGen       total 37376K, used 14545K [0x00000000e1000000, 0x00000000e3480000, 0x00000000f5b00000)
  object space 37376K, 38% used [0x00000000e1000000,0x00000000e1e34698,0x00000000e3480000)
 Metaspace       used 4130K, capacity 4638K, committed 4864K, reserved 1056768K
  class space    used 429K, capacity 462K, committed 512K, reserved 1048576K
}
Event: 58.398 GC heap before
{Heap before GC invocations=47 (full 1):
 PSYoungGen      total 167936K, used 166976K [0x00000000f5b00000, 0x0000000100000000, 0x0000000100000000)
  eden space 166912K, 100% used [0x00000000f5b00000,0x00000000ffe00000,0x00000000ffe00000)
  from space 1024K, 6% used [0x00000000ffe00000,0x00000000ffe10000,0x00000000fff00000)
  to   space 1024K, 0% used [0x00000000fff00000,0x00000000fff00000,0x0000000100000000)
 ParOldGen       total 37376K, used 14545K [0x00000000e1000000, 0x00000000e3480000, 0x00000000f5b00000)
  object space 37376K, 38% used [0x00000000e1000000,0x00000000e1e34698,0x00000000e3480000)
 Metaspace       used 4239K, capacity 4672K, committed 4864K, reserved 1056768K
  class space    used 438K, capacity 496K, committed 512K, reserved 1048576K
Event: 58.523 GC heap after
Heap after GC invocations=47 (full 1):
 PSYoungGen      total 165888K, used 1024K [0x00000000f5b00000, 0x0000000100000000, 0x0000000100000000)
  eden space 164864K, 0% used [0x00000000f5b00000,0x00000000f5b00000,0x00000000ffc00000)
  from space 1024K, 100% used [0x00000000fff00000,0x0000000100000000,0x0000000100000000)
  to   space 2048K, 0% used [0x00000000ffc00000,0x00000000ffc00000,0x00000000ffe00000)
 ParOldGen       total 37376K, used 16193K [0x00000000e1000000, 0x00000000e3480000, 0x00000000f5b00000)
  object space 37376K, 43% used [0x00000000e1000000,0x00000000e1fd06a8,0x00000000e3480000)
 Metaspace       used 4239K, capacity 4672K, committed 4864K, reserved 1056768K
  class space    used 438K, capacity 496K, committed 512K, reserved 1048576K
}

