# JRE version: OpenJDK Runtime Environment (8.0_265-b01) (build 1.8.0_265-8u265-b01-0ubuntu2~16.04-b01)
# Java VM: OpenJDK 64-Bit Server VM (25.265-b01 mixed mode linux-amd64 compressed oops)
Heap:
 PSYoungGen      total 159744K, used 64K [0x00000000f5b00000, 0x00000000ffe80000, 0x0000000100000000)
  eden space 152064K, 0% used [0x00000000f5b00000,0x00000000f5b00000,0x00000000fef80000)
  from space 7680K, 0% used [0x00000000fef80000,0x00000000fef90000,0x00000000ff700000)
  to   space 7680K, 0% used [0x00000000ff700000,0x00000000ff700000,0x00000000ffe80000)
 ParOldGen       total 22016K, used 14876K [0x00000000e1000000, 0x00000000e2580000, 0x00000000f5b00000)
  object space 22016K, 67% used [0x00000000e1000000,0x00000000e1e87070,0x00000000e2580000)
 Metaspace       used 3921K, capacity 4606K, committed 4864K, reserved 1056768K
  class space    used 421K, capacity 430K, committed 512K, reserved 1048576K
GC Heap History (10 events):
Event: 8.744 GC heap after
Heap after GC invocations=10 (full 0):
 PSYoungGen      total 158208K, used 64K [0x00000000f5b00000, 0x00000000fff00000, 0x0000000100000000)
  eden space 149504K, 0% used [0x00000000f5b00000,0x00000000f5b00000,0x00000000fed00000)
  from space 8704K, 0% used [0x00000000ff680000,0x00000000ff690000,0x00000000fff00000)
  to   space 9216K, 0% used [0x00000000fed00000,0x00000000fed00000,0x00000000ff600000)
 ParOldGen       total 22016K, used 14860K [0x00000000e1000000, 0x00000000e2580000, 0x00000000f5b00000)
  object space 22016K, 67% used [0x00000000e1000000,0x00000000e1e83070,0x00000000e2580000)
 Metaspace       used 3918K, capacity 4606K, committed 4864K, reserved 1056768K
  class space    used 421K, capacity 430K, committed 512K, reserved 1048576K
}
Event: 9.391 GC heap before
{Heap before GC invocations=11 (full 0):
 PSYoungGen      total 158208K, used 149568K [0x00000000f5b00000, 0x00000000fff00000, 0x0000000100000000)
  eden space 149504K, 100% used [0x00000000f5b00000,0x00000000fed00000,0x00000000fed00000)
  from space 8704K, 0% used [0x00000000ff680000,0x00000000ff690000,0x00000000fff00000)
  to   space 9216K, 0% used [0x00000000fed00000,0x00000000fed00000,0x00000000ff600000)
 ParOldGen       total 22016K, used 14860K [0x00000000e1000000, 0x00000000e2580000, 0x00000000f5b00000)
  object space 22016K, 67% used [0x00000000e1000000,0x00000000e1e83070,0x00000000e2580000)
 Metaspace       used 3921K, capacity 4606K, committed 4864K, reserved 1056768K
  class space    used 421K, capacity 430K, committed 512K, reserved 1048576K
Event: 9.401 GC heap after
Heap after GC invocations=11 (full 0):
 PSYoungGen      total 158720K, used 64K [0x00000000f5b00000, 0x00000000fff80000, 0x0000000100000000)
  eden space 149504K, 0% used [0x00000000f5b00000,0x00000000f5b00000,0x00000000fed00000)
  from space 9216K, 0% used [0x00000000fed00000,0x00000000fed10000,0x00000000ff600000)
  to   space 8704K, 0% used [0x00000000ff700000,0x00000000ff700000,0x00000000fff80000)
 ParOldGen       total 22016K, used 14868K [0x00000000e1000000, 0x00000000e2580000, 0x00000000f5b00000)
  object space 22016K, 67% used [0x00000000e1000000,0x00000000e1e85070,0x00000000e2580000)
 Metaspace       used 3921K, capacity 4606K, committed 4864K, reserved 1056768K
  class space    used 421K, capacity 430K, committed 512K, reserved 1048576K
}
Event: 9.958 GC heap before
{Heap before GC invocations=12 (full 0):
 PSYoungGen      total 158720K, used 149568K [0x00000000f5b00000, 0x00000000fff80000, 0x0000000100000000)
  eden space 149504K, 100% used [0x00000000f5b00000,0x00000000fed00000,0x00000000fed00000)
  from space 9216K, 0% used [0x00000000fed00000,0x00000000fed10000,0x00000000ff600000)
  to   space 8704K, 0% used [0x00000000ff700000,0x00000000ff700000,0x00000000fff80000)
 ParOldGen       total 22016K, used 14868K [0x00000000e1000000, 0x00000000e2580000, 0x00000000f5b00000)
  object space 22016K, 67% used [0x00000000e1000000,0x00000000e1e85070,0x00000000e2580000)
 Metaspace       used 3921K, capacity 4606K, committed 4864K, reserved 1056768K
  class space    used 421K, capacity 430K, committed 512K, reserved 1048576K
Event: 9.964 GC heap after
Heap after GC invocations=12 (full 0):
 PSYoungGen      total 159744K, used 32K [0x00000000f5b00000, 0x00000000fff80000, 0x0000000100000000)
  eden space 151040K, 0% used [0x00000000f5b00000,0x00000000f5b00000,0x00000000fee80000)
  from space 8704K, 0% used [0x00000000ff700000,0x00000000ff708000,0x00000000fff80000)
  to   space 8704K, 0% used [0x00000000fee80000,0x00000000fee80000,0x00000000ff700000)
 ParOldGen       total 22016K, used 14876K [0x00000000e1000000, 0x00000000e2580000, 0x00000000f5b00000)
  object space 22016K, 67% used [0x00000000e1000000,0x00000000e1e87070,0x00000000e2580000)
 Metaspace       used 3921K, capacity 4606K, committed 4864K, reserved 1056768K
  class space    used 421K, capacity 430K, committed 512K, reserved 1048576K
}
Event: 10.529 GC heap before
{Heap before GC invocations=13 (full 0):
 PSYoungGen      total 159744K, used 151072K [0x00000000f5b00000, 0x00000000fff80000, 0x0000000100000000)
  eden space 151040K, 100% used [0x00000000f5b00000,0x00000000fee80000,0x00000000fee80000)
  from space 8704K, 0% used [0x00000000ff700000,0x00000000ff708000,0x00000000fff80000)
  to   space 8704K, 0% used [0x00000000fee80000,0x00000000fee80000,0x00000000ff700000)
 ParOldGen       total 22016K, used 14876K [0x00000000e1000000, 0x00000000e2580000, 0x00000000f5b00000)
  object space 22016K, 67% used [0x00000000e1000000,0x00000000e1e87070,0x00000000e2580000)
 Metaspace       used 3921K, capacity 4606K, committed 4864K, reserved 1056768K
  class space    used 421K, capacity 430K, committed 512K, reserved 1048576K
Event: 10.561 GC heap after
Heap after GC invocations=13 (full 0):
 PSYoungGen      total 159744K, used 32K [0x00000000f5b00000, 0x00000000fff00000, 0x0000000100000000)
  eden space 151040K, 0% used [0x00000000f5b00000,0x00000000f5b00000,0x00000000fee80000)
  from space 8704K, 0% used [0x00000000fee80000,0x00000000fee88000,0x00000000ff700000)
  to   space 8192K, 0% used [0x00000000ff700000,0x00000000ff700000,0x00000000fff00000)
 ParOldGen       total 22016K, used 14876K [0x00000000e1000000, 0x00000000e2580000, 0x00000000f5b00000)
  object space 22016K, 67% used [0x00000000e1000000,0x00000000e1e87070,0x00000000e2580000)
 Metaspace       used 3921K, capacity 4606K, committed 4864K, reserved 1056768K
  class space    used 421K, capacity 430K, committed 512K, reserved 1048576K
}
Event: 11.075 GC heap before
{Heap before GC invocations=14 (full 0):
 PSYoungGen      total 159744K, used 151072K [0x00000000f5b00000, 0x00000000fff00000, 0x0000000100000000)
  eden space 151040K, 100% used [0x00000000f5b00000,0x00000000fee80000,0x00000000fee80000)
  from space 8704K, 0% used [0x00000000fee80000,0x00000000fee88000,0x00000000ff700000)
  to   space 8192K, 0% used [0x00000000ff700000,0x00000000ff700000,0x00000000fff00000)
 ParOldGen       total 22016K, used 14876K [0x00000000e1000000, 0x00000000e2580000, 0x00000000f5b00000)
  object space 22016K, 67% used [0x00000000e1000000,0x00000000e1e87070,0x00000000e2580000)
 Metaspace       used 3921K, capacity 4606K, committed 4864K, reserved 1056768K
  class space    used 421K, capacity 430K, committed 512K, reserved 1048576K
Event: 11.096 GC heap after
Heap after GC invocations=14 (full 0):
 PSYoungGen      total 159744K, used 32K [0x00000000f5b00000, 0x00000000ffe80000, 0x0000000100000000)
  eden space 152064K, 0% used [0x00000000f5b00000,0x00000000f5b00000,0x00000000fef80000)
  from space 7680K, 0% used [0x00000000ff700000,0x00000000ff708000,0x00000000ffe80000)
  to   space 7680K, 0% used [0x00000000fef80000,0x00000000fef80000,0x00000000ff700000)
 ParOldGen       total 22016K, used 14876K [0x00000000e1000000, 0x00000000e2580000, 0x00000000f5b00000)
  object space 22016K, 67% used [0x00000000e1000000,0x00000000e1e87070,0x00000000e2580000)
 Metaspace       used 3921K, capacity 4606K, committed 4864K, reserved 1056768K
  class space    used 421K, capacity 430K, committed 512K, reserved 1048576K
}
Event: 11.749 GC heap before
{Heap before GC invocations=15 (full 0):
 PSYoungGen      total 159744K, used 152096K [0x00000000f5b00000, 0x00000000ffe80000, 0x0000000100000000)
  eden space 152064K, 100% used [0x00000000f5b00000,0x00000000fef80000,0x00000000fef80000)
  from space 7680K, 0% used [0x00000000ff700000,0x00000000ff708000,0x00000000ffe80000)
  to   space 7680K, 0% used [0x00000000fef80000,0x00000000fef80000,0x00000000ff700000)
 ParOldGen       total 22016K, used 14876K [0x00000000e1000000, 0x00000000e2580000, 0x00000000f5b00000)
  object space 22016K, 67% used [0x00000000e1000000,0x00000000e1e87070,0x00000000e2580000)
 Metaspace       used 3921K, capacity 4606K, committed 4864K, reserved 1056768K
  class space    used 421K, capacity 430K, committed 512K, reserved 1048576K

