# JRE version: OpenJDK Runtime Environment (8.0_265-b01) (build 1.8.0_265-8u265-b01-0ubuntu2~16.04-b01)
# Java VM: OpenJDK 64-Bit Server VM (25.265-b01 mixed mode linux-amd64 compressed oops)
Heap:
 PSYoungGen      total 161280K, used 64K [0x00000000f5b00000, 0x00000000ffe80000, 0x0000000100000000)
  eden space 155648K, 0% used [0x00000000f5b00000,0x00000000f5b00000,0x00000000ff300000)
  from space 5632K, 1% used [0x00000000ff300000,0x00000000ff310000,0x00000000ff880000)
  to   space 6144K, 0% used [0x00000000ff880000,0x00000000ff880000,0x00000000ffe80000)
 ParOldGen       total 37376K, used 14425K [0x00000000e1000000, 0x00000000e3480000, 0x00000000f5b00000)
  object space 37376K, 38% used [0x00000000e1000000,0x00000000e1e16720,0x00000000e3480000)
 Metaspace       used 3922K, capacity 4606K, committed 4864K, reserved 1056768K
  class space    used 421K, capacity 430K, committed 512K, reserved 1048576K
GC Heap History (10 events):
Event: 9.392 GC heap after
Heap after GC invocations=15 (full 1):
 PSYoungGen      total 118784K, used 32K [0x00000000f5b00000, 0x00000000fd780000, 0x0000000100000000)
  eden space 112128K, 0% used [0x00000000f5b00000,0x00000000f5b00000,0x00000000fc880000)
  from space 6656K, 0% used [0x00000000fd100000,0x00000000fd108000,0x00000000fd780000)
  to   space 7680K, 0% used [0x00000000fc880000,0x00000000fc880000,0x00000000fd000000)
 ParOldGen       total 37376K, used 14417K [0x00000000e1000000, 0x00000000e3480000, 0x00000000f5b00000)
  object space 37376K, 38% used [0x00000000e1000000,0x00000000e1e14720,0x00000000e3480000)
 Metaspace       used 3922K, capacity 4606K, committed 4864K, reserved 1056768K
  class space    used 421K, capacity 430K, committed 512K, reserved 1048576K
}
Event: 9.952 GC heap before
{Heap before GC invocations=16 (full 1):
 PSYoungGen      total 118784K, used 112160K [0x00000000f5b00000, 0x00000000fd780000, 0x0000000100000000)
  eden space 112128K, 100% used [0x00000000f5b00000,0x00000000fc880000,0x00000000fc880000)
  from space 6656K, 0% used [0x00000000fd100000,0x00000000fd108000,0x00000000fd780000)
  to   space 7680K, 0% used [0x00000000fc880000,0x00000000fc880000,0x00000000fd000000)
 ParOldGen       total 37376K, used 14417K [0x00000000e1000000, 0x00000000e3480000, 0x00000000f5b00000)
  object space 37376K, 38% used [0x00000000e1000000,0x00000000e1e14720,0x00000000e3480000)
 Metaspace       used 3922K, capacity 4606K, committed 4864K, reserved 1056768K
  class space    used 421K, capacity 430K, committed 512K, reserved 1048576K
Event: 9.972 GC heap after
Heap after GC invocations=16 (full 1):
 PSYoungGen      total 119808K, used 32K [0x00000000f5b00000, 0x00000000fed80000, 0x0000000100000000)
  eden space 112128K, 0% used [0x00000000f5b00000,0x00000000f5b00000,0x00000000fc880000)
  from space 7680K, 0% used [0x00000000fc880000,0x00000000fc888000,0x00000000fd000000)
  to   space 7168K, 0% used [0x00000000fe680000,0x00000000fe680000,0x00000000fed80000)
 ParOldGen       total 37376K, used 14417K [0x00000000e1000000, 0x00000000e3480000, 0x00000000f5b00000)
  object space 37376K, 38% used [0x00000000e1000000,0x00000000e1e14720,0x00000000e3480000)
 Metaspace       used 3922K, capacity 4606K, committed 4864K, reserved 1056768K
  class space    used 421K, capacity 430K, committed 512K, reserved 1048576K
}
Event: 10.323 GC heap before
{Heap before GC invocations=17 (full 1):
 PSYoungGen      total 119808K, used 112160K [0x00000000f5b00000, 0x00000000fed80000, 0x0000000100000000)
  eden space 112128K, 100% used [0x00000000f5b00000,0x00000000fc880000,0x00000000fc880000)
  from space 7680K, 0% used [0x00000000fc880000,0x00000000fc888000,0x00000000fd000000)
  to   space 7168K, 0% used [0x00000000fe680000,0x00000000fe680000,0x00000000fed80000)
 ParOldGen       total 37376K, used 14417K [0x00000000e1000000, 0x00000000e3480000, 0x00000000f5b00000)
  object space 37376K, 38% used [0x00000000e1000000,0x00000000e1e14720,0x00000000e3480000)
 Metaspace       used 3922K, capacity 4606K, committed 4864K, reserved 1056768K
  class space    used 421K, capacity 430K, committed 512K, reserved 1048576K
Event: 10.376 GC heap after
Heap after GC invocations=17 (full 1):
 PSYoungGen      total 143360K, used 32K [0x00000000f5b00000, 0x00000000ff380000, 0x0000000100000000)
  eden space 136192K, 0% used [0x00000000f5b00000,0x00000000f5b00000,0x00000000fe000000)
  from space 7168K, 0% used [0x00000000fe680000,0x00000000fe688000,0x00000000fed80000)
  to   space 6656K, 0% used [0x00000000fe000000,0x00000000fe000000,0x00000000fe680000)
 ParOldGen       total 37376K, used 14417K [0x00000000e1000000, 0x00000000e3480000, 0x00000000f5b00000)
  object space 37376K, 38% used [0x00000000e1000000,0x00000000e1e14720,0x00000000e3480000)
 Metaspace       used 3922K, capacity 4606K, committed 4864K, reserved 1056768K
  class space    used 421K, capacity 430K, committed 512K, reserved 1048576K
}
Event: 10.969 GC heap before
{Heap before GC invocations=18 (full 1):
 PSYoungGen      total 143360K, used 136224K [0x00000000f5b00000, 0x00000000ff380000, 0x0000000100000000)
  eden space 136192K, 100% used [0x00000000f5b00000,0x00000000fe000000,0x00000000fe000000)
  from space 7168K, 0% used [0x00000000fe680000,0x00000000fe688000,0x00000000fed80000)
  to   space 6656K, 0% used [0x00000000fe000000,0x00000000fe000000,0x00000000fe680000)
 ParOldGen       total 37376K, used 14417K [0x00000000e1000000, 0x00000000e3480000, 0x00000000f5b00000)
  object space 37376K, 38% used [0x00000000e1000000,0x00000000e1e14720,0x00000000e3480000)
 Metaspace       used 3922K, capacity 4606K, committed 4864K, reserved 1056768K
  class space    used 421K, capacity 430K, committed 512K, reserved 1048576K
Event: 10.978 GC heap after
Heap after GC invocations=18 (full 1):
 PSYoungGen      total 142848K, used 32K [0x00000000f5b00000, 0x00000000ffe80000, 0x0000000100000000)
  eden space 136192K, 0% used [0x00000000f5b00000,0x00000000f5b00000,0x00000000fe000000)
  from space 6656K, 0% used [0x00000000fe000000,0x00000000fe008000,0x00000000fe680000)
  to   space 6144K, 0% used [0x00000000ff880000,0x00000000ff880000,0x00000000ffe80000)
 ParOldGen       total 37376K, used 14417K [0x00000000e1000000, 0x00000000e3480000, 0x00000000f5b00000)
  object space 37376K, 38% used [0x00000000e1000000,0x00000000e1e14720,0x00000000e3480000)
 Metaspace       used 3922K, capacity 4606K, committed 4864K, reserved 1056768K
  class space    used 421K, capacity 430K, committed 512K, reserved 1048576K
}
Event: 11.430 GC heap before
{Heap before GC invocations=19 (full 1):
 PSYoungGen      total 142848K, used 136224K [0x00000000f5b00000, 0x00000000ffe80000, 0x0000000100000000)
  eden space 136192K, 100% used [0x00000000f5b00000,0x00000000fe000000,0x00000000fe000000)
  from space 6656K, 0% used [0x00000000fe000000,0x00000000fe008000,0x00000000fe680000)
  to   space 6144K, 0% used [0x00000000ff880000,0x00000000ff880000,0x00000000ffe80000)
 ParOldGen       total 37376K, used 14417K [0x00000000e1000000, 0x00000000e3480000, 0x00000000f5b00000)
  object space 37376K, 38% used [0x00000000e1000000,0x00000000e1e14720,0x00000000e3480000)
 Metaspace       used 3922K, capacity 4606K, committed 4864K, reserved 1056768K
  class space    used 421K, capacity 430K, committed 512K, reserved 1048576K
Event: 11.464 GC heap after
Heap after GC invocations=19 (full 1):
 PSYoungGen      total 161792K, used 32K [0x00000000f5b00000, 0x00000000ffe80000, 0x0000000100000000)
  eden space 155648K, 0% used [0x00000000f5b00000,0x00000000f5b00000,0x00000000ff300000)
  from space 6144K, 0% used [0x00000000ff880000,0x00000000ff888000,0x00000000ffe80000)
  to   space 5632K, 0% used [0x00000000ff300000,0x00000000ff300000,0x00000000ff880000)
 ParOldGen       total 37376K, used 14417K [0x00000000e1000000, 0x00000000e3480000, 0x00000000f5b00000)
  object space 37376K, 38% used [0x00000000e1000000,0x00000000e1e14720,0x00000000e3480000)
 Metaspace       used 3922K, capacity 4606K, committed 4864K, reserved 1056768K
  class space    used 421K, capacity 430K, committed 512K, reserved 1048576K
}
Event: 12.288 GC heap before
{Heap before GC invocations=20 (full 1):
 PSYoungGen      total 161792K, used 155680K [0x00000000f5b00000, 0x00000000ffe80000, 0x0000000100000000)
  eden space 155648K, 100% used [0x00000000f5b00000,0x00000000ff300000,0x00000000ff300000)
  from space 6144K, 0% used [0x00000000ff880000,0x00000000ff888000,0x00000000ffe80000)
  to   space 5632K, 0% used [0x00000000ff300000,0x00000000ff300000,0x00000000ff880000)
 ParOldGen       total 37376K, used 14417K [0x00000000e1000000, 0x00000000e3480000, 0x00000000f5b00000)
  object space 37376K, 38% used [0x00000000e1000000,0x00000000e1e14720,0x00000000e3480000)
 Metaspace       used 3922K, capacity 4606K, committed 4864K, reserved 1056768K
  class space    used 421K, capacity 430K, committed 512K, reserved 1048576K

