# JRE version: OpenJDK Runtime Environment (8.0_265-b01) (build 1.8.0_265-8u265-b01-0ubuntu2~16.04-b01)
# Java VM: OpenJDK 64-Bit Server VM (25.265-b01 mixed mode linux-amd64 compressed oops)
Heap:
 PSYoungGen      total 165888K, used 24129K [0x00000000f5b00000, 0x0000000100000000, 0x0000000100000000)
  eden space 164864K, 14% used [0x00000000f5b00000,0x00000000f7190740,0x00000000ffc00000)
  from space 1024K, 100% used [0x00000000fff00000,0x0000000100000000,0x0000000100000000)
  to   space 2048K, 0% used [0x00000000ffc00000,0x00000000ffc00000,0x00000000ffe00000)
 ParOldGen       total 36352K, used 16738K [0x00000000e1000000, 0x00000000e3380000, 0x00000000f5b00000)
  object space 36352K, 46% used [0x00000000e1000000,0x00000000e2058a80,0x00000000e3380000)
 Metaspace       used 4298K, capacity 4736K, committed 4864K, reserved 1056768K
  class space    used 438K, capacity 496K, committed 512K, reserved 1048576K
GC Heap History (10 events):
Event: 43.635 GC heap before
{Heap before GC invocations=43 (full 1):
 PSYoungGen      total 166400K, used 165920K [0x00000000f5b00000, 0x00000000fff00000, 0x0000000100000000)
  eden space 165888K, 100% used [0x00000000f5b00000,0x00000000ffd00000,0x00000000ffd00000)
  from space 512K, 6% used [0x00000000ffd00000,0x00000000ffd08000,0x00000000ffd80000)
  to   space 1024K, 0% used [0x00000000ffe00000,0x00000000ffe00000,0x00000000fff00000)
 ParOldGen       total 36352K, used 14498K [0x00000000e1000000, 0x00000000e3380000, 0x00000000f5b00000)
  object space 36352K, 39% used [0x00000000e1000000,0x00000000e1e28a70,0x00000000e3380000)
 Metaspace       used 4129K, capacity 4638K, committed 4864K, reserved 1056768K
  class space    used 429K, capacity 462K, committed 512K, reserved 1048576K
Event: 43.655 GC heap after
Heap after GC invocations=43 (full 1):
 PSYoungGen      total 166912K, used 32K [0x00000000f5b00000, 0x0000000100000000, 0x0000000100000000)
  eden space 165888K, 0% used [0x00000000f5b00000,0x00000000f5b00000,0x00000000ffd00000)
  from space 1024K, 3% used [0x00000000ffe00000,0x00000000ffe08000,0x00000000fff00000)
  to   space 1024K, 0% used [0x00000000ffd00000,0x00000000ffd00000,0x00000000ffe00000)
 ParOldGen       total 36352K, used 14498K [0x00000000e1000000, 0x00000000e3380000, 0x00000000f5b00000)
  object space 36352K, 39% used [0x00000000e1000000,0x00000000e1e28a70,0x00000000e3380000)
 Metaspace       used 4129K, capacity 4638K, committed 4864K, reserved 1056768K
  class space    used 429K, capacity 462K, committed 512K, reserved 1048576K
}
Event: 45.057 GC heap before
{Heap before GC invocations=44 (full 1):
 PSYoungGen      total 166912K, used 165920K [0x00000000f5b00000, 0x0000000100000000, 0x0000000100000000)
  eden space 165888K, 100% used [0x00000000f5b00000,0x00000000ffd00000,0x00000000ffd00000)
  from space 1024K, 3% used [0x00000000ffe00000,0x00000000ffe08000,0x00000000fff00000)
  to   space 1024K, 0% used [0x00000000ffd00000,0x00000000ffd00000,0x00000000ffe00000)
 ParOldGen       total 36352K, used 14498K [0x00000000e1000000, 0x00000000e3380000, 0x00000000f5b00000)
  object space 36352K, 39% used [0x00000000e1000000,0x00000000e1e28a70,0x00000000e3380000)
 Metaspace       used 4129K, capacity 4638K, committed 4864K, reserved 1056768K
  class space    used 429K, capacity 462K, committed 512K, reserved 1048576K
Event: 45.077 GC heap after
Heap after GC invocations=44 (full 1):
 PSYoungGen      total 166912K, used 32K [0x00000000f5b00000, 0x0000000100000000, 0x0000000100000000)
  eden space 165888K, 0% used [0x00000000f5b00000,0x00000000f5b00000,0x00000000ffd00000)
  from space 1024K, 3% used [0x00000000ffd00000,0x00000000ffd08000,0x00000000ffe00000)
  to   space 1024K, 0% used [0x00000000fff00000,0x00000000fff00000,0x0000000100000000)
 ParOldGen       total 36352K, used 14498K [0x00000000e1000000, 0x00000000e3380000, 0x00000000f5b00000)
  object space 36352K, 39% used [0x00000000e1000000,0x00000000e1e28a70,0x00000000e3380000)
 Metaspace       used 4129K, capacity 4638K, committed 4864K, reserved 1056768K
  class space    used 429K, capacity 462K, committed 512K, reserved 1048576K
}
Event: 46.492 GC heap before
{Heap before GC invocations=45 (full 1):
 PSYoungGen      total 166912K, used 165920K [0x00000000f5b00000, 0x0000000100000000, 0x0000000100000000)
  eden space 165888K, 100% used [0x00000000f5b00000,0x00000000ffd00000,0x00000000ffd00000)
  from space 1024K, 3% used [0x00000000ffd00000,0x00000000ffd08000,0x00000000ffe00000)
  to   space 1024K, 0% used [0x00000000fff00000,0x00000000fff00000,0x0000000100000000)
 ParOldGen       total 36352K, used 14498K [0x00000000e1000000, 0x00000000e3380000, 0x00000000f5b00000)
  object space 36352K, 39% used [0x00000000e1000000,0x00000000e1e28a70,0x00000000e3380000)
 Metaspace       used 4129K, capacity 4638K, committed 4864K, reserved 1056768K
  class space    used 429K, capacity 462K, committed 512K, reserved 1048576K
Event: 46.525 GC heap after
Heap after GC invocations=45 (full 1):
 PSYoungGen      total 167936K, used 32K [0x00000000f5b00000, 0x0000000100000000, 0x0000000100000000)
  eden space 166912K, 0% used [0x00000000f5b00000,0x00000000f5b00000,0x00000000ffe00000)
  from space 1024K, 3% used [0x00000000fff00000,0x00000000fff08000,0x0000000100000000)
  to   space 1024K, 0% used [0x00000000ffe00000,0x00000000ffe00000,0x00000000fff00000)
 ParOldGen       total 36352K, used 14498K [0x00000000e1000000, 0x00000000e3380000, 0x00000000f5b00000)
  object space 36352K, 39% used [0x00000000e1000000,0x00000000e1e28a70,0x00000000e3380000)
 Metaspace       used 4129K, capacity 4638K, committed 4864K, reserved 1056768K
  class space    used 429K, capacity 462K, committed 512K, reserved 1048576K
}
Event: 75.089 GC heap before
{Heap before GC invocations=46 (full 1):
 PSYoungGen      total 167936K, used 166944K [0x00000000f5b00000, 0x0000000100000000, 0x0000000100000000)
  eden space 166912K, 100% used [0x00000000f5b00000,0x00000000ffe00000,0x00000000ffe00000)
  from space 1024K, 3% used [0x00000000fff00000,0x00000000fff08000,0x0000000100000000)
  to   space 1024K, 0% used [0x00000000ffe00000,0x00000000ffe00000,0x00000000fff00000)
 ParOldGen       total 36352K, used 14498K [0x00000000e1000000, 0x00000000e3380000, 0x00000000f5b00000)
  object space 36352K, 39% used [0x00000000e1000000,0x00000000e1e28a70,0x00000000e3380000)
 Metaspace       used 4297K, capacity 4736K, committed 4864K, reserved 1056768K
  class space    used 438K, capacity 496K, committed 512K, reserved 1048576K
Event: 75.242 GC heap after
Heap after GC invocations=46 (full 1):
 PSYoungGen      total 167936K, used 1024K [0x00000000f5b00000, 0x0000000100000000, 0x0000000100000000)
  eden space 166912K, 0% used [0x00000000f5b00000,0x00000000f5b00000,0x00000000ffe00000)
  from space 1024K, 100% used [0x00000000ffe00000,0x00000000fff00000,0x00000000fff00000)
  to   space 1024K, 0% used [0x00000000fff00000,0x00000000fff00000,0x0000000100000000)
 ParOldGen       total 36352K, used 16434K [0x00000000e1000000, 0x00000000e3380000, 0x00000000f5b00000)
  object space 36352K, 45% used [0x00000000e1000000,0x00000000e200ca80,0x00000000e3380000)
 Metaspace       used 4297K, capacity 4736K, committed 4864K, reserved 1056768K
  class space    used 438K, capacity 496K, committed 512K, reserved 1048576K
}
Event: 184.328 GC heap before
{Heap before GC invocations=47 (full 1):
 PSYoungGen      total 167936K, used 167936K [0x00000000f5b00000, 0x0000000100000000, 0x0000000100000000)
  eden space 166912K, 100% used [0x00000000f5b00000,0x00000000ffe00000,0x00000000ffe00000)
  from space 1024K, 100% used [0x00000000ffe00000,0x00000000fff00000,0x00000000fff00000)
  to   space 1024K, 0% used [0x00000000fff00000,0x00000000fff00000,0x0000000100000000)
 ParOldGen       total 36352K, used 16434K [0x00000000e1000000, 0x00000000e3380000, 0x00000000f5b00000)
  object space 36352K, 45% used [0x00000000e1000000,0x00000000e200ca80,0x00000000e3380000)
 Metaspace       used 4298K, capacity 4736K, committed 4864K, reserved 1056768K
  class space    used 438K, capacity 496K, committed 512K, reserved 1048576K
Event: 184.517 GC heap after
Heap after GC invocations=47 (full 1):
 PSYoungGen      total 165888K, used 1024K [0x00000000f5b00000, 0x0000000100000000, 0x0000000100000000)
  eden space 164864K, 0% used [0x00000000f5b00000,0x00000000f5b00000,0x00000000ffc00000)
  from space 1024K, 100% used [0x00000000fff00000,0x0000000100000000,0x0000000100000000)
  to   space 2048K, 0% used [0x00000000ffc00000,0x00000000ffc00000,0x00000000ffe00000)
 ParOldGen       total 36352K, used 16738K [0x00000000e1000000, 0x00000000e3380000, 0x00000000f5b00000)
  object space 36352K, 46% used [0x00000000e1000000,0x00000000e2058a80,0x00000000e3380000)
 Metaspace       used 4298K, capacity 4736K, committed 4864K, reserved 1056768K
  class space    used 438K, capacity 496K, committed 512K, reserved 1048576K
}

